<?xml version="1.0" encoding="UTF-8"?>
<!-- Generated by org.testng.reporters.JUnitReportReporter -->
<testsuite hostname="DESKTOP-7N5R1H4" failures="0" tests="2" name="com.ui.testrunners.FailedRun" time="34.631" errors="0" timestamp="2021-02-11T12:11:50 IST" skipped="0">
  <testcase classname="com.ui.testrunners.FailedRun" name="runScenario" time="16.192"/>
  <system-out/>
  <testcase classname="com.ui.testrunners.FailedRun" name="runScenario" time="18.439"/>
  <system-out/>
</testsuite> <!-- com.ui.testrunners.FailedRun -->
