<?xml version="1.0" encoding="UTF-8"?>
<!-- Generated by org.testng.reporters.JUnitReportReporter -->
<testsuite hostname="DESKTOP-7N5R1H4" failures="0" tests="2" name="com.ui.testrunners.TestRunner" time="62.662" errors="0" timestamp="2021-02-11T13:02:14 IST" skipped="0">
  <testcase classname="com.ui.testrunners.TestRunner" name="runScenario" time="31.166"/>
  <system-out/>
  <testcase classname="com.ui.testrunners.TestRunner" name="runScenario" time="31.496"/>
  <system-out/>
</testsuite> <!-- com.ui.testrunners.TestRunner -->
