<?xml version="1.0" encoding="UTF-8"?>
<!-- Generated by org.testng.reporters.JUnitReportReporter -->
<testsuite hostname="DESKTOP-7N5R1H4" failures="0" tests="2" name="com.ui.testrunners.TestRunner" time="21.040" errors="0" timestamp="2021-02-11T11:08:51 IST" skipped="0">
  <testcase classname="com.ui.testrunners.TestRunner" name="runScenario" time="21.035"/>
  <system-out/>
  <testcase classname="com.ui.testrunners.TestRunner" name="f" time="0.005"/>
  <system-out/>
</testsuite> <!-- com.ui.testrunners.TestRunner -->
