<?xml version="1.0" encoding="UTF-8"?>
<!-- Generated by org.testng.reporters.JUnitReportReporter -->
<testsuite hostname="DESKTOP-7N5R1H4" failures="0" tests="2" name="com.ui.testrunners.TestRunner" time="36.770" errors="0" timestamp="2021-02-11T11:40:49 IST" skipped="0">
  <testcase classname="com.ui.testrunners.TestRunner" name="runScenario" time="20.106"/>
  <system-out/>
  <testcase classname="com.ui.testrunners.TestRunner" name="runScenario" time="16.664"/>
  <system-out/>
</testsuite> <!-- com.ui.testrunners.TestRunner -->
