<?xml version="1.0" encoding="UTF-8"?>
<!-- Generated by org.testng.reporters.JUnitReportReporter -->
<testsuite hostname="DESKTOP-7N5R1H4" failures="0" tests="3" name="com.ui.testrunners.TestRunner" time="109.509" errors="0" timestamp="2021-02-12T15:31:25 IST" skipped="0">
  <testcase classname="com.ui.testrunners.TestRunner" name="runScenario" time="34.861"/>
  <system-out/>
  <testcase classname="com.ui.testrunners.TestRunner" name="runScenario" time="35.097"/>
  <system-out/>
  <testcase classname="com.ui.testrunners.TestRunner" name="runScenario" time="39.551"/>
  <system-out/>
</testsuite> <!-- com.ui.testrunners.TestRunner -->
