<?xml version="1.0" encoding="UTF-8"?>
<!-- Generated by org.testng.reporters.JUnitReportReporter -->
<testsuite hostname="DESKTOP-7N5R1H4" failures="0" tests="2" name="com.ui.testrunners.TestRunner" time="35.944" errors="0" timestamp="2021-02-11T11:47:07 IST" skipped="0">
  <testcase classname="com.ui.testrunners.TestRunner" name="runScenario" time="19.671"/>
  <system-out/>
  <testcase classname="com.ui.testrunners.TestRunner" name="runScenario" time="16.273"/>
  <system-out/>
</testsuite> <!-- com.ui.testrunners.TestRunner -->
